<?xml version="1.0" encoding="UTF-8"?>
<testng-results ignored="0" total="1" passed="1" failed="0" skipped="0">
  <reporter-output>
  </reporter-output>
  <suite started-at="2022-02-10T20:02:58 EST" name="Default suite" finished-at="2022-02-10T20:03:07 EST" duration-ms="9425">
    <groups>
    </groups>
    <test started-at="2022-02-10T20:02:58 EST" name="Default test" finished-at="2022-02-10T20:03:07 EST" duration-ms="9425">
      <class name="com.smoketest.SmokeTestPractice">
        <test-method is-config="true" signature="setup()[pri:0, instance:com.smoketest.SmokeTestPractice@272113c4]" started-at="2022-02-10T20:02:58 EST" name="setup" finished-at="2022-02-10T20:03:03 EST" duration-ms="5157" status="PASS">
          <reporter-output>
          </reporter-output>
        </test-method> <!-- setup -->
        <test-method signature="getLogin()[pri:0, instance:com.smoketest.SmokeTestPractice@272113c4]" started-at="2022-02-10T20:03:03 EST" name="getLogin" finished-at="2022-02-10T20:03:06 EST" duration-ms="3124" status="PASS">
          <reporter-output>
          </reporter-output>
        </test-method> <!-- getLogin -->
        <test-method is-config="true" signature="quit()[pri:0, instance:com.smoketest.SmokeTestPractice@272113c4]" started-at="2022-02-10T20:03:06 EST" name="quit" finished-at="2022-02-10T20:03:07 EST" duration-ms="1112" status="PASS">
          <reporter-output>
          </reporter-output>
        </test-method> <!-- quit -->
      </class> <!-- com.smoketest.SmokeTestPractice -->
    </test> <!-- Default test -->
  </suite> <!-- Default suite -->
</testng-results>
